Base path: D:/Program Files/Unity/Editor/Data
Cmd: initializeCompiler
Cmd: compileComputeKernel
  api=4 insize=5188 outsize=9105 ok=1
Cmd: compileComputeKernel
  api=4 insize=9421 outsize=8625 ok=1
Cmd: initializeCompiler
Cmd: initializeCompiler
Cmd: initializeCompiler
Cmd: compileComputeKernel
  api=4 insize=15322 outsize=5089 ok=1
Cmd: compileComputeKernel
  api=4 insize=15322 outsize=6097 ok=1
Cmd: compileComputeKernel
  api=4 insize=15322 outsize=6869 ok=1
Cmd: compileComputeKernel
  api=4 insize=15322 outsize=6289 ok=1
Cmd: compileComputeKernel
  api=4 insize=15322 outsize=7297 ok=1
Cmd: compileComputeKernel
  api=4 insize=15322 outsize=7005 ok=1
Cmd: compileComputeKernel
  api=4 insize=15322 outsize=8445 ok=1
Cmd: compileComputeKernel
  api=4 insize=15322 outsize=9649 ok=1
Cmd: compileComputeKernel
  api=4 insize=15322 outsize=8293 ok=1
Cmd: compileComputeKernel
  api=4 insize=15322 outsize=9733 ok=1
Cmd: compileComputeKernel
  api=4 insize=15322 outsize=6853 ok=1
Cmd: compileComputeKernel
  api=4 insize=15322 outsize=7933 ok=1
Cmd: compileComputeKernel
  api=4 insize=15322 outsize=6661 ok=1
Cmd: compileComputeKernel
  api=4 insize=15322 outsize=7357 ok=1
Cmd: compileComputeKernel
  api=4 insize=15322 outsize=8437 ok=1
Cmd: compileComputeKernel
  api=4 insize=15322 outsize=7949 ok=1
Cmd: compileComputeKernel
  api=4 insize=15322 outsize=9461 ok=1
Cmd: compileComputeKernel
  api=4 insize=15322 outsize=10901 ok=1
Cmd: compileComputeKernel
  api=4 insize=15322 outsize=8781 ok=1
Cmd: compileComputeKernel
  api=4 insize=15322 outsize=10221 ok=1
Cmd: compileComputeKernel
  api=4 insize=15322 outsize=11425 ok=1
Cmd: initializeCompiler
Cmd: initializeCompiler
Cmd: compileComputeKernel
  error: 2 plat 4 at Deferred.compute(77): failed to open source file: 'CoreRP/ShaderLibrary/Common.hlsl'
  api=4 insize=13402 outsize=0 ok=0
Cmd: compileComputeKernel
  error: 2 plat 4 at Deferred.compute(77): failed to open source file: 'CoreRP/ShaderLibrary/Common.hlsl'
  api=4 insize=13402 outsize=0 ok=0
Cmd: compileComputeKernel
  error: 2 plat 4 at Deferred.compute(77): failed to open source file: 'CoreRP/ShaderLibrary/Common.hlsl'
  api=4 insize=13402 outsize=0 ok=0
Cmd: compileComputeKernel
  error: 2 plat 4 at Deferred.compute(77): failed to open source file: 'CoreRP/ShaderLibrary/Common.hlsl'
  api=4 insize=13402 outsize=0 ok=0
Cmd: compileComputeKernel
  error: 2 plat 4 at Deferred.compute(77): failed to open source file: 'CoreRP/ShaderLibrary/Common.hlsl'
  api=4 insize=13402 outsize=0 ok=0
Cmd: compileComputeKernel
  error: 2 plat 4 at Deferred.compute(77): failed to open source file: 'CoreRP/ShaderLibrary/Common.hlsl'
  api=4 insize=13402 outsize=0 ok=0
Cmd: compileComputeKernel
  error: 2 plat 4 at Deferred.compute(77): failed to open source file: 'CoreRP/ShaderLibrary/Common.hlsl'
  api=4 insize=13402 outsize=0 ok=0
Cmd: compileComputeKernel
  error: 2 plat 4 at Deferred.compute(77): failed to open source file: 'CoreRP/ShaderLibrary/Common.hlsl'
  api=4 insize=13402 outsize=0 ok=0
Cmd: compileComputeKernel
  error: 2 plat 4 at Deferred.compute(77): failed to open source file: 'CoreRP/ShaderLibrary/Common.hlsl'
  api=4 insize=13402 outsize=0 ok=0
Cmd: compileComputeKernel
  error: 2 plat 4 at Deferred.compute(77): failed to open source file: 'CoreRP/ShaderLibrary/Common.hlsl'
  api=4 insize=13402 outsize=0 ok=0
Cmd: compileComputeKernel
  error: 2 plat 4 at Deferred.compute(77): failed to open source file: 'CoreRP/ShaderLibrary/Common.hlsl'
  api=4 insize=13402 outsize=0 ok=0
Cmd: compileComputeKernel
  error: 2 plat 4 at Deferred.compute(77): failed to open source file: 'CoreRP/ShaderLibrary/Common.hlsl'
  api=4 insize=13402 outsize=0 ok=0
Cmd: compileComputeKernel
  error: 2 plat 4 at Deferred.compute(77): failed to open source file: 'CoreRP/ShaderLibrary/Common.hlsl'
  api=4 insize=13402 outsize=0 ok=0
Cmd: compileComputeKernel
  error: 2 plat 4 at Deferred.compute(77): failed to open source file: 'CoreRP/ShaderLibrary/Common.hlsl'
  api=4 insize=13402 outsize=0 ok=0
Cmd: compileComputeKernel
  error: 2 plat 4 at Deferred.compute(77): failed to open source file: 'CoreRP/ShaderLibrary/Common.hlsl'
  api=4 insize=13402 outsize=0 ok=0
Cmd: compileComputeKernel
  error: 2 plat 4 at Deferred.compute(77): failed to open source file: 'CoreRP/ShaderLibrary/Common.hlsl'
  api=4 insize=13402 outsize=0 ok=0
Cmd: compileComputeKernel
  error: 2 plat 4 at lightlistbuild-clustered.compute(9): failed to open source file: 'CoreRP/ShaderLibrary/Common.hlsl'
  api=4 insize=19973 outsize=0 ok=0
Cmd: compileComputeKernel
  error: 2 plat 4 at lightlistbuild-clustered.compute(9): failed to open source file: 'CoreRP/ShaderLibrary/Common.hlsl'
  api=4 insize=19973 outsize=0 ok=0
Cmd: compileComputeKernel
  error: 2 plat 4 at lightlistbuild-bigtile.compute(3): failed to open source file: 'CoreRP/ShaderLibrary/Common.hlsl'
  api=4 insize=9894 outsize=0 ok=0
Cmd: compileComputeKernel
  error: 2 plat 4 at lightlistbuild.compute(11): failed to open source file: 'CoreRP/ShaderLibrary/Common.hlsl'
  api=4 insize=16785 outsize=0 ok=0
Cmd: compileComputeKernel
  api=4 insize=30861 outsize=217 ok=1
Cmd: compileComputeKernel
  error: 2 plat 4 at BuildProbabilityTables.compute(7): failed to open source file: 'CoreRP/ShaderLibrary/Common.hlsl'
  api=4 insize=7569 outsize=0 ok=0
Cmd: compileComputeKernel
  error: 2 plat 4 at ShadowBlurMoments.compute(80): failed to open source file: 'CoreRP/ShaderLibrary/Common.hlsl'
  api=4 insize=15322 outsize=0 ok=0
Cmd: compileComputeKernel
  error: 2 plat 4 at ShadowBlurMoments.compute(80): failed to open source file: 'CoreRP/ShaderLibrary/Common.hlsl'
  api=4 insize=15322 outsize=0 ok=0
Cmd: compileComputeKernel
  error: 2 plat 4 at ShadowBlurMoments.compute(80): failed to open source file: 'CoreRP/ShaderLibrary/Common.hlsl'
  api=4 insize=15322 outsize=0 ok=0
Cmd: compileComputeKernel
  error: 2 plat 4 at ShadowBlurMoments.compute(80): failed to open source file: 'CoreRP/ShaderLibrary/Common.hlsl'
  api=4 insize=15322 outsize=0 ok=0
Cmd: compileComputeKernel
  error: 2 plat 4 at ShadowBlurMoments.compute(80): failed to open source file: 'CoreRP/ShaderLibrary/Common.hlsl'
  api=4 insize=15322 outsize=0 ok=0
Cmd: compileComputeKernel
  error: 2 plat 4 at ShadowBlurMoments.compute(80): failed to open source file: 'CoreRP/ShaderLibrary/Common.hlsl'
  api=4 insize=15322 outsize=0 ok=0
Cmd: compileComputeKernel
  error: 2 plat 4 at ShadowBlurMoments.compute(80): failed to open source file: 'CoreRP/ShaderLibrary/Common.hlsl'
  api=4 insize=15322 outsize=0 ok=0
Cmd: compileComputeKernel
  error: 2 plat 4 at ShadowBlurMoments.compute(80): failed to open source file: 'CoreRP/ShaderLibrary/Common.hlsl'
  api=4 insize=15322 outsize=0 ok=0
Cmd: compileComputeKernel
  error: 2 plat 4 at ShadowBlurMoments.compute(80): failed to open source file: 'CoreRP/ShaderLibrary/Common.hlsl'
  api=4 insize=15322 outsize=0 ok=0
Cmd: compileComputeKernel
  error: 2 plat 4 at ShadowBlurMoments.compute(80): failed to open source file: 'CoreRP/ShaderLibrary/Common.hlsl'
  api=4 insize=15322 outsize=0 ok=0
Cmd: compileComputeKernel
  error: 2 plat 4 at ShadowBlurMoments.compute(80): failed to open source file: 'CoreRP/ShaderLibrary/Common.hlsl'
  api=4 insize=15322 outsize=0 ok=0
Cmd: compileComputeKernel
  error: 2 plat 4 at ShadowBlurMoments.compute(80): failed to open source file: 'CoreRP/ShaderLibrary/Common.hlsl'
  api=4 insize=15322 outsize=0 ok=0
Cmd: compileComputeKernel
  error: 2 plat 4 at ShadowBlurMoments.compute(80): failed to open source file: 'CoreRP/ShaderLibrary/Common.hlsl'
  api=4 insize=15322 outsize=0 ok=0
Cmd: compileComputeKernel
  error: 2 plat 4 at ShadowBlurMoments.compute(80): failed to open source file: 'CoreRP/ShaderLibrary/Common.hlsl'
  api=4 insize=15322 outsize=0 ok=0
Cmd: compileComputeKernel
  error: 2 plat 4 at ShadowBlurMoments.compute(80): failed to open source file: 'CoreRP/ShaderLibrary/Common.hlsl'
  api=4 insize=15322 outsize=0 ok=0
Cmd: compileComputeKernel
  error: 2 plat 4 at ShadowBlurMoments.compute(80): failed to open source file: 'CoreRP/ShaderLibrary/Common.hlsl'
  api=4 insize=15322 outsize=0 ok=0
Cmd: compileComputeKernel
  error: 2 plat 4 at ShadowBlurMoments.compute(80): failed to open source file: 'CoreRP/ShaderLibrary/Common.hlsl'
  api=4 insize=15322 outsize=0 ok=0
Cmd: compileComputeKernel
  error: 2 plat 4 at ShadowBlurMoments.compute(80): failed to open source file: 'CoreRP/ShaderLibrary/Common.hlsl'
  api=4 insize=15322 outsize=0 ok=0
Cmd: compileComputeKernel
  error: 2 plat 4 at ShadowBlurMoments.compute(80): failed to open source file: 'CoreRP/ShaderLibrary/Common.hlsl'
  api=4 insize=15322 outsize=0 ok=0
Cmd: compileComputeKernel
  error: 2 plat 4 at ShadowBlurMoments.compute(80): failed to open source file: 'CoreRP/ShaderLibrary/Common.hlsl'
  api=4 insize=15322 outsize=0 ok=0
Cmd: compileComputeKernel
  error: 2 plat 4 at ShadowBlurMoments.compute(80): failed to open source file: 'CoreRP/ShaderLibrary/Common.hlsl'
  api=4 insize=15322 outsize=0 ok=0
Cmd: compileComputeKernel
  error: 2 plat 4 at DeferredDirectionalShadow.compute(19): failed to open source file: 'CoreRP/ShaderLibrary/Common.hlsl'
  api=4 insize=6056 outsize=0 ok=0
Cmd: compileComputeKernel
  error: 2 plat 4 at DeferredDirectionalShadow.compute(19): failed to open source file: 'CoreRP/ShaderLibrary/Common.hlsl'
  api=4 insize=6056 outsize=0 ok=0
Cmd: compileComputeKernel
  error: 2 plat 4 at Deferred.compute(77): failed to open source file: 'CoreRP/ShaderLibrary/Common.hlsl'
  api=4 insize=13402 outsize=0 ok=0
Cmd: compileComputeKernel
  error: 2 plat 4 at Deferred.compute(77): failed to open source file: 'CoreRP/ShaderLibrary/Common.hlsl'
  api=4 insize=13402 outsize=0 ok=0
Cmd: compileComputeKernel
  error: 2 plat 4 at Deferred.compute(77): failed to open source file: 'CoreRP/ShaderLibrary/Common.hlsl'
  api=4 insize=13402 outsize=0 ok=0
Cmd: compileComputeKernel
  error: 2 plat 4 at Deferred.compute(77): failed to open source file: 'CoreRP/ShaderLibrary/Common.hlsl'
  api=4 insize=13402 outsize=0 ok=0
Cmd: compileComputeKernel
  error: 2 plat 4 at Deferred.compute(77): failed to open source file: 'CoreRP/ShaderLibrary/Common.hlsl'
  api=4 insize=13402 outsize=0 ok=0
Cmd: compileComputeKernel
  error: 2 plat 4 at Deferred.compute(77): failed to open source file: 'CoreRP/ShaderLibrary/Common.hlsl'
  api=4 insize=13402 outsize=0 ok=0
Cmd: compileComputeKernel
  error: 2 plat 4 at Deferred.compute(77): failed to open source file: 'CoreRP/ShaderLibrary/Common.hlsl'
  api=4 insize=13402 outsize=0 ok=0
Cmd: compileComputeKernel
  error: 2 plat 4 at Deferred.compute(77): failed to open source file: 'CoreRP/ShaderLibrary/Common.hlsl'
  api=4 insize=13402 outsize=0 ok=0
Cmd: compileComputeKernel
  error: 2 plat 4 at Deferred.compute(77): failed to open source file: 'CoreRP/ShaderLibrary/Common.hlsl'
  api=4 insize=13402 outsize=0 ok=0
Cmd: compileComputeKernel
  error: 2 plat 4 at Deferred.compute(77): failed to open source file: 'CoreRP/ShaderLibrary/Common.hlsl'
  api=4 insize=13402 outsize=0 ok=0
Cmd: compileComputeKernel
  error: 2 plat 4 at Deferred.compute(77): failed to open source file: 'CoreRP/ShaderLibrary/Common.hlsl'
  api=4 insize=13402 outsize=0 ok=0
Cmd: compileComputeKernel
  error: 2 plat 4 at Deferred.compute(77): failed to open source file: 'CoreRP/ShaderLibrary/Common.hlsl'
  api=4 insize=13402 outsize=0 ok=0
Cmd: compileComputeKernel
  error: 2 plat 4 at Deferred.compute(77): failed to open source file: 'CoreRP/ShaderLibrary/Common.hlsl'
  api=4 insize=13402 outsize=0 ok=0
Cmd: compileComputeKernel
  error: 2 plat 4 at Deferred.compute(77): failed to open source file: 'CoreRP/ShaderLibrary/Common.hlsl'
  api=4 insize=13402 outsize=0 ok=0
Cmd: compileComputeKernel
  error: 2 plat 4 at Deferred.compute(77): failed to open source file: 'CoreRP/ShaderLibrary/Common.hlsl'
  api=4 insize=13402 outsize=0 ok=0
Cmd: compileComputeKernel
  error: 2 plat 4 at Deferred.compute(77): failed to open source file: 'CoreRP/ShaderLibrary/Common.hlsl'
  api=4 insize=13402 outsize=0 ok=0
Cmd: compileComputeKernel
  error: 2 plat 4 at Deferred.compute(77): failed to open source file: 'CoreRP/ShaderLibrary/Common.hlsl'
  api=4 insize=13402 outsize=0 ok=0
Cmd: compileComputeKernel
  error: 2 plat 4 at Deferred.compute(77): failed to open source file: 'CoreRP/ShaderLibrary/Common.hlsl'
  api=4 insize=13402 outsize=0 ok=0
Cmd: compileComputeKernel
  error: 2 plat 4 at Deferred.compute(77): failed to open source file: 'CoreRP/ShaderLibrary/Common.hlsl'
  api=4 insize=13402 outsize=0 ok=0
Cmd: compileComputeKernel
  error: 2 plat 4 at Deferred.compute(77): failed to open source file: 'CoreRP/ShaderLibrary/Common.hlsl'
  api=4 insize=13402 outsize=0 ok=0
Cmd: compileComputeKernel
  error: 2 plat 4 at Deferred.compute(77): failed to open source file: 'CoreRP/ShaderLibrary/Common.hlsl'
  api=4 insize=13402 outsize=0 ok=0
Cmd: compileComputeKernel
  error: 2 plat 4 at Deferred.compute(77): failed to open source file: 'CoreRP/ShaderLibrary/Common.hlsl'
  api=4 insize=13402 outsize=0 ok=0
Cmd: compileComputeKernel
  error: 2 plat 4 at Deferred.compute(77): failed to open source file: 'CoreRP/ShaderLibrary/Common.hlsl'
  api=4 insize=13402 outsize=0 ok=0
Cmd: compileComputeKernel
  error: 2 plat 4 at Deferred.compute(77): failed to open source file: 'CoreRP/ShaderLibrary/Common.hlsl'
  api=4 insize=13402 outsize=0 ok=0
Cmd: compileComputeKernel
  error: 2 plat 4 at Deferred.compute(77): failed to open source file: 'CoreRP/ShaderLibrary/Common.hlsl'
  api=4 insize=13402 outsize=0 ok=0
Cmd: compileComputeKernel
  error: 2 plat 4 at Deferred.compute(77): failed to open source file: 'CoreRP/ShaderLibrary/Common.hlsl'
  api=4 insize=13402 outsize=0 ok=0
Cmd: compileComputeKernel
  error: 2 plat 4 at Deferred.compute(77): failed to open source file: 'CoreRP/ShaderLibrary/Common.hlsl'
  api=4 insize=13402 outsize=0 ok=0
Cmd: compileComputeKernel
  error: 2 plat 4 at Deferred.compute(77): failed to open source file: 'CoreRP/ShaderLibrary/Common.hlsl'
  api=4 insize=13402 outsize=0 ok=0
Cmd: compileComputeKernel
  error: 2 plat 4 at Deferred.compute(77): failed to open source file: 'CoreRP/ShaderLibrary/Common.hlsl'
  api=4 insize=13402 outsize=0 ok=0
Cmd: compileComputeKernel
  error: 2 plat 4 at lightlistbuild-clustered.compute(9): failed to open source file: 'CoreRP/ShaderLibrary/Common.hlsl'
  api=4 insize=19973 outsize=0 ok=0
Cmd: compileComputeKernel
  error: 2 plat 4 at lightlistbuild-clustered.compute(9): failed to open source file: 'CoreRP/ShaderLibrary/Common.hlsl'
  api=4 insize=19973 outsize=0 ok=0
Cmd: compileComputeKernel
  error: 2 plat 4 at lightlistbuild-clustered.compute(9): failed to open source file: 'CoreRP/ShaderLibrary/Common.hlsl'
  api=4 insize=19973 outsize=0 ok=0
Cmd: compileComputeKernel
  error: 2 plat 4 at lightlistbuild-clustered.compute(9): failed to open source file: 'CoreRP/ShaderLibrary/Common.hlsl'
  api=4 insize=19973 outsize=0 ok=0
Cmd: compileComputeKernel
  error: 2 plat 4 at ApplyDistorsion.compute(1): failed to open source file: 'CoreRP/ShaderLibrary/Common.hlsl'
  api=4 insize=2507 outsize=0 ok=0
Cmd: compileComputeKernel
  api=4 insize=812 outsize=797 ok=1
Cmd: compileComputeKernel
  api=4 insize=2863 outsize=47781 ok=1
Cmd: compileComputeKernel
  api=4 insize=5188 outsize=9105 ok=1
Cmd: compileComputeKernel
  api=4 insize=2444 outsize=2505 ok=1
Cmd: compileComputeKernel
  error: 2 plat 4 at builddispatchindirect.compute(4): failed to open source file: 'CoreRP/ShaderLibrary/Common.hlsl'
  api=4 insize=1542 outsize=0 ok=0
Cmd: compileComputeKernel
  api=4 insize=9421 outsize=8625 ok=1
Cmd: compileComputeKernel
  error: 2 plat 4 at DepthPyramid.compute(1): failed to open source file: 'CoreRP/ShaderLibrary/Common.hlsl'
  api=4 insize=1836 outsize=0 ok=0
Cmd: compileComputeKernel
  error: 2 plat 4 at lightlistbuild.compute(11): failed to open source file: 'CoreRP/ShaderLibrary/Common.hlsl'
  api=4 insize=16785 outsize=0 ok=0
Cmd: compileComputeKernel
  error: 2 plat 4 at lightlistbuild.compute(11): failed to open source file: 'CoreRP/ShaderLibrary/Common.hlsl'
  api=4 insize=16785 outsize=0 ok=0
Cmd: compileComputeKernel
  error: 2 plat 4 at lightlistbuild.compute(11): failed to open source file: 'CoreRP/ShaderLibrary/Common.hlsl'
  api=4 insize=16785 outsize=0 ok=0
Cmd: compileComputeKernel
  error: 2 plat 4 at ComputeGgxIblSampleData.compute(3): failed to open source file: 'CoreRP/ShaderLibrary/Common.hlsl'
  api=4 insize=2520 outsize=0 ok=0
Cmd: compileComputeKernel
  api=4 insize=30861 outsize=209 ok=1
Cmd: compileComputeKernel
  api=4 insize=2953 outsize=1305 ok=1
Cmd: compileComputeKernel
  api=4 insize=1864 outsize=1365 ok=1
Cmd: compileComputeKernel
  api=4 insize=431 outsize=417 ok=1
Cmd: compileComputeKernel
  error: 2 plat 4 at SubsurfaceScattering.compute(40): failed to open source file: 'CoreRP/ShaderLibrary/Common.hlsl'
  api=4 insize=19712 outsize=0 ok=0
Cmd: compileComputeKernel
  error: 2 plat 4 at BuildProbabilityTables.compute(7): failed to open source file: 'CoreRP/ShaderLibrary/Common.hlsl'
  api=4 insize=7569 outsize=0 ok=0
Cmd: compileComputeKernel
  error: 2 plat 4 at BuildProbabilityTables.compute(7): failed to open source file: 'CoreRP/ShaderLibrary/Common.hlsl'
  api=4 insize=7569 outsize=0 ok=0
Cmd: compileComputeKernel
  error: 2 plat 4 at ShadowBlurMoments.compute(80): failed to open source file: 'CoreRP/ShaderLibrary/Common.hlsl'
  api=4 insize=15322 outsize=0 ok=0
Cmd: compileComputeKernel
  error: 2 plat 4 at ShadowBlurMoments.compute(80): failed to open source file: 'CoreRP/ShaderLibrary/Common.hlsl'
  api=4 insize=15322 outsize=0 ok=0
Cmd: compileComputeKernel
  error: 2 plat 4 at ShadowBlurMoments.compute(80): failed to open source file: 'CoreRP/ShaderLibrary/Common.hlsl'
  api=4 insize=15322 outsize=0 ok=0
Cmd: compileComputeKernel
  error: 2 plat 4 at ShadowBlurMoments.compute(80): failed to open source file: 'CoreRP/ShaderLibrary/Common.hlsl'
  api=4 insize=15322 outsize=0 ok=0
Cmd: compileComputeKernel
  error: 2 plat 4 at ShadowBlurMoments.compute(80): failed to open source file: 'CoreRP/ShaderLibrary/Common.hlsl'
  api=4 insize=15322 outsize=0 ok=0
Cmd: compileComputeKernel
  error: 2 plat 4 at ShadowBlurMoments.compute(80): failed to open source file: 'CoreRP/ShaderLibrary/Common.hlsl'
  api=4 insize=15322 outsize=0 ok=0
Cmd: compileComputeKernel
  error: 2 plat 4 at ShadowBlurMoments.compute(80): failed to open source file: 'CoreRP/ShaderLibrary/Common.hlsl'
  api=4 insize=15322 outsize=0 ok=0
Cmd: compileComputeKernel
  error: 2 plat 4 at ShadowBlurMoments.compute(80): failed to open source file: 'CoreRP/ShaderLibrary/Common.hlsl'
  api=4 insize=15322 outsize=0 ok=0
Cmd: compileComputeKernel
  error: 2 plat 4 at ShadowBlurMoments.compute(80): failed to open source file: 'CoreRP/ShaderLibrary/Common.hlsl'
  api=4 insize=15322 outsize=0 ok=0
Cmd: compileComputeKernel
  error: 2 plat 4 at ShadowBlurMoments.compute(80): failed to open source file: 'CoreRP/ShaderLibrary/Common.hlsl'
  api=4 insize=15322 outsize=0 ok=0
Cmd: compileComputeKernel
  error: 2 plat 4 at ShadowBlurMoments.compute(80): failed to open source file: 'CoreRP/ShaderLibrary/Common.hlsl'
  api=4 insize=15322 outsize=0 ok=0
Cmd: compileComputeKernel
  error: 2 plat 4 at ShadowBlurMoments.compute(80): failed to open source file: 'CoreRP/ShaderLibrary/Common.hlsl'
  api=4 insize=15322 outsize=0 ok=0
Cmd: compileComputeKernel
  error: 2 plat 4 at ShadowBlurMoments.compute(80): failed to open source file: 'CoreRP/ShaderLibrary/Common.hlsl'
  api=4 insize=15322 outsize=0 ok=0
Cmd: compileComputeKernel
  error: 2 plat 4 at ShadowBlurMoments.compute(80): failed to open source file: 'CoreRP/ShaderLibrary/Common.hlsl'
  api=4 insize=15322 outsize=0 ok=0
Cmd: compileComputeKernel
  error: 2 plat 4 at ShadowBlurMoments.compute(80): failed to open source file: 'CoreRP/ShaderLibrary/Common.hlsl'
  api=4 insize=15322 outsize=0 ok=0
Cmd: compileComputeKernel
  error: 2 plat 4 at ShadowBlurMoments.compute(80): failed to open source file: 'CoreRP/ShaderLibrary/Common.hlsl'
  api=4 insize=15322 outsize=0 ok=0
Cmd: compileComputeKernel
  error: 2 plat 4 at ShadowBlurMoments.compute(80): failed to open source file: 'CoreRP/ShaderLibrary/Common.hlsl'
  api=4 insize=15322 outsize=0 ok=0
Cmd: compileComputeKernel
  error: 2 plat 4 at ShadowBlurMoments.compute(80): failed to open source file: 'CoreRP/ShaderLibrary/Common.hlsl'
  api=4 insize=15322 outsize=0 ok=0
Cmd: compileComputeKernel
  error: 2 plat 4 at ShadowBlurMoments.compute(80): failed to open source file: 'CoreRP/ShaderLibrary/Common.hlsl'
  api=4 insize=15322 outsize=0 ok=0
Cmd: compileComputeKernel
  error: 2 plat 4 at ShadowBlurMoments.compute(80): failed to open source file: 'CoreRP/ShaderLibrary/Common.hlsl'
  api=4 insize=15322 outsize=0 ok=0
Cmd: compileComputeKernel
  error: 2 plat 4 at ShadowBlurMoments.compute(80): failed to open source file: 'CoreRP/ShaderLibrary/Common.hlsl'
  api=4 insize=15322 outsize=0 ok=0
Cmd: compileComputeKernel
  error: 2 plat 4 at ShadowBlurMoments.compute(80): failed to open source file: 'CoreRP/ShaderLibrary/Common.hlsl'
  api=4 insize=15322 outsize=0 ok=0
Cmd: compileComputeKernel
  error: 2 plat 4 at ShadowBlurMoments.compute(80): failed to open source file: 'CoreRP/ShaderLibrary/Common.hlsl'
  api=4 insize=15322 outsize=0 ok=0
Cmd: compileComputeKernel
  error: 2 plat 4 at ShadowBlurMoments.compute(80): failed to open source file: 'CoreRP/ShaderLibrary/Common.hlsl'
  api=4 insize=15322 outsize=0 ok=0
Cmd: compileComputeKernel
  error: 2 plat 4 at ShadowBlurMoments.compute(80): failed to open source file: 'CoreRP/ShaderLibrary/Common.hlsl'
  api=4 insize=15322 outsize=0 ok=0
Cmd: compileComputeKernel
  error: 2 plat 4 at ShadowBlurMoments.compute(80): failed to open source file: 'CoreRP/ShaderLibrary/Common.hlsl'
  api=4 insize=15322 outsize=0 ok=0
Cmd: compileComputeKernel
  error: 2 plat 4 at ShadowBlurMoments.compute(80): failed to open source file: 'CoreRP/ShaderLibrary/Common.hlsl'
  api=4 insize=15322 outsize=0 ok=0
Cmd: compileComputeKernel
  error: 2 plat 4 at ShadowBlurMoments.compute(80): failed to open source file: 'CoreRP/ShaderLibrary/Common.hlsl'
  api=4 insize=15322 outsize=0 ok=0
Cmd: compileComputeKernel
  error: 2 plat 4 at ShadowBlurMoments.compute(80): failed to open source file: 'CoreRP/ShaderLibrary/Common.hlsl'
  api=4 insize=15322 outsize=0 ok=0
Cmd: compileComputeKernel
  error: 2 plat 4 at ShadowBlurMoments.compute(80): failed to open source file: 'CoreRP/ShaderLibrary/Common.hlsl'
  api=4 insize=15322 outsize=0 ok=0
Cmd: compileComputeKernel
  error: 2 plat 4 at ShadowBlurMoments.compute(80): failed to open source file: 'CoreRP/ShaderLibrary/Common.hlsl'
  api=4 insize=15322 outsize=0 ok=0
Cmd: compileComputeKernel
  error: 2 plat 4 at ShadowBlurMoments.compute(80): failed to open source file: 'CoreRP/ShaderLibrary/Common.hlsl'
  api=4 insize=15322 outsize=0 ok=0
Cmd: compileComputeKernel
  error: 2 plat 4 at ShadowBlurMoments.compute(80): failed to open source file: 'CoreRP/ShaderLibrary/Common.hlsl'
  api=4 insize=15322 outsize=0 ok=0
Cmd: compileComputeKernel
  error: 2 plat 4 at ShadowBlurMoments.compute(80): failed to open source file: 'CoreRP/ShaderLibrary/Common.hlsl'
  api=4 insize=15322 outsize=0 ok=0
Cmd: compileComputeKernel
  error: 2 plat 4 at ShadowBlurMoments.compute(80): failed to open source file: 'CoreRP/ShaderLibrary/Common.hlsl'
  api=4 insize=15322 outsize=0 ok=0
Cmd: compileComputeKernel
  error: 2 plat 4 at ShadowBlurMoments.compute(80): failed to open source file: 'CoreRP/ShaderLibrary/Common.hlsl'
  api=4 insize=15322 outsize=0 ok=0
Cmd: compileComputeKernel
  error: 2 plat 4 at ShadowBlurMoments.compute(80): failed to open source file: 'CoreRP/ShaderLibrary/Common.hlsl'
  api=4 insize=15322 outsize=0 ok=0
Cmd: compileComputeKernel
  error: 2 plat 4 at ShadowBlurMoments.compute(80): failed to open source file: 'CoreRP/ShaderLibrary/Common.hlsl'
  api=4 insize=15322 outsize=0 ok=0
Cmd: compileComputeKernel
  error: 2 plat 4 at ShadowBlurMoments.compute(80): failed to open source file: 'CoreRP/ShaderLibrary/Common.hlsl'
  api=4 insize=15322 outsize=0 ok=0
Cmd: compileComputeKernel
  error: 2 plat 4 at materialflags.compute(6): failed to open source file: 'CoreRP/ShaderLibrary/Common.hlsl'
  api=4 insize=2783 outsize=0 ok=0
Cmd: compileComputeKernel
  error: 2 plat 4 at DeferredDirectionalShadow.compute(19): failed to open source file: 'CoreRP/ShaderLibrary/Common.hlsl'
  api=4 insize=6056 outsize=0 ok=0
Cmd: compileComputeKernel
  error: 2 plat 4 at DeferredDirectionalShadow.compute(19): failed to open source file: 'CoreRP/ShaderLibrary/Common.hlsl'
  api=4 insize=6056 outsize=0 ok=0
Cmd: compileComputeKernel
  api=4 insize=570 outsize=489 ok=1
Cmd: compileComputeKernel
  error: 2 plat 4 at Deferred.compute(77): failed to open source file: 'CoreRP/ShaderLibrary/Common.hlsl'
  api=4 insize=13402 outsize=0 ok=0
Cmd: compileComputeKernel
  error: 2 plat 4 at Deferred.compute(77): failed to open source file: 'CoreRP/ShaderLibrary/Common.hlsl'
  api=4 insize=13402 outsize=0 ok=0
Cmd: compileComputeKernel
  error: 2 plat 4 at Deferred.compute(77): failed to open source file: 'CoreRP/ShaderLibrary/Common.hlsl'
  api=4 insize=13402 outsize=0 ok=0
Cmd: compileComputeKernel
  error: 2 plat 4 at Deferred.compute(77): failed to open source file: 'CoreRP/ShaderLibrary/Common.hlsl'
  api=4 insize=13402 outsize=0 ok=0
Cmd: compileComputeKernel
  error: 2 plat 4 at Deferred.compute(77): failed to open source file: 'CoreRP/ShaderLibrary/Common.hlsl'
  api=4 insize=13402 outsize=0 ok=0
Cmd: compileComputeKernel
  error: 2 plat 4 at Deferred.compute(77): failed to open source file: 'CoreRP/ShaderLibrary/Common.hlsl'
  api=4 insize=13402 outsize=0 ok=0
Cmd: compileComputeKernel
  error: 2 plat 4 at Deferred.compute(77): failed to open source file: 'CoreRP/ShaderLibrary/Common.hlsl'
  api=4 insize=13402 outsize=0 ok=0
Cmd: compileComputeKernel
  error: 2 plat 4 at Deferred.compute(77): failed to open source file: 'CoreRP/ShaderLibrary/Common.hlsl'
  api=4 insize=13402 outsize=0 ok=0
Cmd: compileComputeKernel
  error: 2 plat 4 at Deferred.compute(77): failed to open source file: 'CoreRP/ShaderLibrary/Common.hlsl'
  api=4 insize=13402 outsize=0 ok=0
Cmd: compileComputeKernel
  error: 2 plat 4 at Deferred.compute(77): failed to open source file: 'CoreRP/ShaderLibrary/Common.hlsl'
  api=4 insize=13402 outsize=0 ok=0
Cmd: compileComputeKernel
  error: 2 plat 4 at Deferred.compute(77): failed to open source file: 'CoreRP/ShaderLibrary/Common.hlsl'
  api=4 insize=13402 outsize=0 ok=0
Cmd: compileComputeKernel
  error: 2 plat 4 at Deferred.compute(77): failed to open source file: 'CoreRP/ShaderLibrary/Common.hlsl'
  api=4 insize=13402 outsize=0 ok=0
Cmd: compileComputeKernel
  error: 2 plat 4 at Deferred.compute(77): failed to open source file: 'CoreRP/ShaderLibrary/Common.hlsl'
  api=4 insize=13402 outsize=0 ok=0
Cmd: compileComputeKernel
  error: 2 plat 4 at Deferred.compute(77): failed to open source file: 'CoreRP/ShaderLibrary/Common.hlsl'
  api=4 insize=13402 outsize=0 ok=0
Cmd: compileComputeKernel
  error: 2 plat 4 at Deferred.compute(77): failed to open source file: 'CoreRP/ShaderLibrary/Common.hlsl'
  api=4 insize=13402 outsize=0 ok=0
Cmd: compileComputeKernel
  error: 2 plat 4 at lightlistbuild-clustered.compute(9): failed to open source file: 'CoreRP/ShaderLibrary/Common.hlsl'
  api=4 insize=19973 outsize=0 ok=0
Cmd: compileComputeKernel
  error: 2 plat 4 at lightlistbuild-clustered.compute(9): failed to open source file: 'CoreRP/ShaderLibrary/Common.hlsl'
  api=4 insize=19973 outsize=0 ok=0
Cmd: compileComputeKernel
  error: 2 plat 4 at ColorPyramid.compute(22): failed to open source file: 'CoreRP/ShaderLibrary/Common.hlsl'
  api=4 insize=5469 outsize=0 ok=0
Cmd: compileComputeKernel
  error: 2 plat 4 at builddispatchindirect.compute(4): failed to open source file: 'CoreRP/ShaderLibrary/Common.hlsl'
  api=4 insize=1542 outsize=0 ok=0
Cmd: compileComputeKernel
  error: 2 plat 4 at lightlistbuild.compute(11): failed to open source file: 'CoreRP/ShaderLibrary/Common.hlsl'
  api=4 insize=16785 outsize=0 ok=0
Cmd: compileComputeKernel
  error: 2 plat 4 at scrbound.compute(6): failed to open source file: 'CoreRP/ShaderLibrary/Common.hlsl'
  api=4 insize=17061 outsize=0 ok=0
Cmd: compileComputeKernel
  error: 2 plat 4 at ShadowBlurMoments.compute(80): failed to open source file: 'CoreRP/ShaderLibrary/Common.hlsl'
  api=4 insize=15322 outsize=0 ok=0
Cmd: compileComputeKernel
  error: 2 plat 4 at ShadowBlurMoments.compute(80): failed to open source file: 'CoreRP/ShaderLibrary/Common.hlsl'
  api=4 insize=15322 outsize=0 ok=0
Cmd: compileComputeKernel
  error: 2 plat 4 at ShadowBlurMoments.compute(80): failed to open source file: 'CoreRP/ShaderLibrary/Common.hlsl'
  api=4 insize=15322 outsize=0 ok=0
Cmd: compileComputeKernel
  error: 2 plat 4 at ShadowBlurMoments.compute(80): failed to open source file: 'CoreRP/ShaderLibrary/Common.hlsl'
  api=4 insize=15322 outsize=0 ok=0
Cmd: compileComputeKernel
  error: 2 plat 4 at ShadowBlurMoments.compute(80): failed to open source file: 'CoreRP/ShaderLibrary/Common.hlsl'
  api=4 insize=15322 outsize=0 ok=0
Cmd: compileComputeKernel
  error: 2 plat 4 at ShadowBlurMoments.compute(80): failed to open source file: 'CoreRP/ShaderLibrary/Common.hlsl'
  api=4 insize=15322 outsize=0 ok=0
Cmd: compileComputeKernel
  error: 2 plat 4 at ShadowBlurMoments.compute(80): failed to open source file: 'CoreRP/ShaderLibrary/Common.hlsl'
  api=4 insize=15322 outsize=0 ok=0
Cmd: compileComputeKernel
  error: 2 plat 4 at ShadowBlurMoments.compute(80): failed to open source file: 'CoreRP/ShaderLibrary/Common.hlsl'
  api=4 insize=15322 outsize=0 ok=0
Cmd: compileComputeKernel
  error: 2 plat 4 at ShadowBlurMoments.compute(80): failed to open source file: 'CoreRP/ShaderLibrary/Common.hlsl'
  api=4 insize=15322 outsize=0 ok=0
Cmd: compileComputeKernel
  error: 2 plat 4 at ShadowBlurMoments.compute(80): failed to open source file: 'CoreRP/ShaderLibrary/Common.hlsl'
  api=4 insize=15322 outsize=0 ok=0
Cmd: compileComputeKernel
  error: 2 plat 4 at ShadowBlurMoments.compute(80): failed to open source file: 'CoreRP/ShaderLibrary/Common.hlsl'
  api=4 insize=15322 outsize=0 ok=0
Cmd: compileComputeKernel
  error: 2 plat 4 at ShadowBlurMoments.compute(80): failed to open source file: 'CoreRP/ShaderLibrary/Common.hlsl'
  api=4 insize=15322 outsize=0 ok=0
Cmd: compileComputeKernel
  error: 2 plat 4 at ShadowBlurMoments.compute(80): failed to open source file: 'CoreRP/ShaderLibrary/Common.hlsl'
  api=4 insize=15322 outsize=0 ok=0
Cmd: compileComputeKernel
  error: 2 plat 4 at ShadowBlurMoments.compute(80): failed to open source file: 'CoreRP/ShaderLibrary/Common.hlsl'
  api=4 insize=15322 outsize=0 ok=0
Cmd: compileComputeKernel
  error: 2 plat 4 at ShadowBlurMoments.compute(80): failed to open source file: 'CoreRP/ShaderLibrary/Common.hlsl'
  api=4 insize=15322 outsize=0 ok=0
Cmd: compileComputeKernel
  error: 2 plat 4 at ShadowBlurMoments.compute(80): failed to open source file: 'CoreRP/ShaderLibrary/Common.hlsl'
  api=4 insize=15322 outsize=0 ok=0
Cmd: compileComputeKernel
  error: 2 plat 4 at ShadowBlurMoments.compute(80): failed to open source file: 'CoreRP/ShaderLibrary/Common.hlsl'
  api=4 insize=15322 outsize=0 ok=0
Cmd: compileComputeKernel
  error: 2 plat 4 at ShadowBlurMoments.compute(80): failed to open source file: 'CoreRP/ShaderLibrary/Common.hlsl'
  api=4 insize=15322 outsize=0 ok=0
Cmd: compileComputeKernel
  error: 2 plat 4 at ShadowBlurMoments.compute(80): failed to open source file: 'CoreRP/ShaderLibrary/Common.hlsl'
  api=4 insize=15322 outsize=0 ok=0
Cmd: compileComputeKernel
  error: 2 plat 4 at ShadowBlurMoments.compute(80): failed to open source file: 'CoreRP/ShaderLibrary/Common.hlsl'
  api=4 insize=15322 outsize=0 ok=0
Cmd: compileComputeKernel
  error: 2 plat 4 at ShadowBlurMoments.compute(80): failed to open source file: 'CoreRP/ShaderLibrary/Common.hlsl'
  api=4 insize=15322 outsize=0 ok=0
Cmd: compileComputeKernel
  error: 2 plat 4 at ShadowBlurMoments.compute(80): failed to open source file: 'CoreRP/ShaderLibrary/Common.hlsl'
  api=4 insize=15322 outsize=0 ok=0
Cmd: compileComputeKernel
  error: 2 plat 4 at ShadowBlurMoments.compute(80): failed to open source file: 'CoreRP/ShaderLibrary/Common.hlsl'
  api=4 insize=15322 outsize=0 ok=0
Cmd: compileComputeKernel
  error: 2 plat 4 at ShadowBlurMoments.compute(80): failed to open source file: 'CoreRP/ShaderLibrary/Common.hlsl'
  api=4 insize=15322 outsize=0 ok=0
Cmd: compileComputeKernel
  error: 2 plat 4 at ShadowBlurMoments.compute(80): failed to open source file: 'CoreRP/ShaderLibrary/Common.hlsl'
  api=4 insize=15322 outsize=0 ok=0
Cmd: compileComputeKernel
  error: 2 plat 4 at ShadowBlurMoments.compute(80): failed to open source file: 'CoreRP/ShaderLibrary/Common.hlsl'
  api=4 insize=15322 outsize=0 ok=0
Cmd: compileComputeKernel
  error: 2 plat 4 at ShadowBlurMoments.compute(80): failed to open source file: 'CoreRP/ShaderLibrary/Common.hlsl'
  api=4 insize=15322 outsize=0 ok=0
Cmd: compileComputeKernel
  error: 2 plat 4 at DeferredDirectionalShadow.compute(19): failed to open source file: 'CoreRP/ShaderLibrary/Common.hlsl'
  api=4 insize=6056 outsize=0 ok=0
Cmd: initializeCompiler
Cmd: initializeCompiler
Cmd: compileComputeKernel
  api=4 insize=13402 outsize=87685 ok=1
Cmd: compileComputeKernel
  api=4 insize=13402 outsize=17949 ok=1
Cmd: compileComputeKernel
  api=4 insize=13402 outsize=50405 ok=1
Cmd: compileComputeKernel
  api=4 insize=13402 outsize=27005 ok=1
Cmd: compileComputeKernel
  api=4 insize=13402 outsize=17481 ok=1
Cmd: compileComputeKernel
  api=4 insize=13402 outsize=25605 ok=1
Cmd: compileComputeKernel
  api=4 insize=13402 outsize=20157 ok=1
Cmd: compileComputeKernel
  api=4 insize=13402 outsize=27513 ok=1
Cmd: compileComputeKernel
  api=4 insize=13402 outsize=20749 ok=1
Cmd: compileComputeKernel
  api=4 insize=13402 outsize=18609 ok=1
Cmd: compileComputeKernel
  api=4 insize=13402 outsize=27345 ok=1
Cmd: compileComputeKernel
  api=4 insize=13402 outsize=18241 ok=1
Cmd: compileComputeKernel
  api=4 insize=13402 outsize=19893 ok=1
Cmd: compileComputeKernel
  api=4 insize=13402 outsize=18953 ok=1
Cmd: compileComputeKernel
  api=4 insize=13402 outsize=52757 ok=1
Cmd: compileComputeKernel
  api=4 insize=19973 outsize=14953 ok=1
Cmd: compileComputeKernel
  api=4 insize=5469 outsize=6421 ok=1
Cmd: compileComputeKernel
  api=4 insize=1542 outsize=1829 ok=1
Cmd: compileComputeKernel
  api=4 insize=1836 outsize=645 ok=1
Cmd: compileComputeKernel
  api=4 insize=16785 outsize=14457 ok=1
Cmd: compileComputeKernel
  api=4 insize=30861 outsize=209 ok=1
Cmd: compileComputeKernel
  api=4 insize=7569 outsize=2069 ok=1
Cmd: compileComputeKernel
  api=4 insize=2783 outsize=4157 ok=1
Cmd: compileComputeKernel
  api=4 insize=6056 outsize=10813 ok=1
